c:\users\codruta\desktop\tema3\tema3\x64\debug\vc143.pdb
c:\users\codruta\desktop\tema3\tema3\x64\debug\vc143.idb
c:\users\codruta\desktop\tema3\tema3\x64\debug\qrc_tema3.obj
c:\users\codruta\desktop\tema3\tema3\x64\debug\main.obj
c:\users\codruta\desktop\tema3\tema3\x64\debug\tema3.obj
c:\users\codruta\desktop\tema3\tema3\x64\debug\moc_tema3.obj
c:\users\codruta\desktop\tema3\tema3\x64\debug\interpolationwidget.obj
c:\users\codruta\desktop\tema3\tema3\x64\debug\moc_interpolationwidget.obj
c:\users\codruta\desktop\tema3\tema3\x64\debug\qt\moc\moc_interpolationwidget.cpp
c:\users\codruta\desktop\tema3\tema3\x64\debug\qt\rcc\qrc_tema3.cpp
c:\users\codruta\desktop\tema3\tema3\x64\debug\qt\uic\ui_tema3.h
c:\users\codruta\desktop\tema3\tema3\x64\debug\qt\moc\moc_tema3.cpp
c:\users\codruta\desktop\tema3\tema3\x64\debug\qt\moc\interpolationwidget.moc
c:\users\codruta\desktop\tema3\x64\debug\tema3.pdb
c:\users\codruta\desktop\tema3\tema3\x64\debug\tema3.tlog\cl.command.1.tlog
c:\users\codruta\desktop\tema3\tema3\x64\debug\tema3.tlog\cl.read.1.tlog
c:\users\codruta\desktop\tema3\tema3\x64\debug\tema3.tlog\cl.write.1.tlog
c:\users\codruta\desktop\tema3\tema3\x64\debug\tema3.tlog\link-cvtres.read.1.tlog
c:\users\codruta\desktop\tema3\tema3\x64\debug\tema3.tlog\link-cvtres.write.1.tlog
c:\users\codruta\desktop\tema3\tema3\x64\debug\tema3.tlog\link-rc.read.1.tlog
c:\users\codruta\desktop\tema3\tema3\x64\debug\tema3.tlog\link-rc.write.1.tlog
c:\users\codruta\desktop\tema3\tema3\x64\debug\tema3.tlog\link.command.1.tlog
c:\users\codruta\desktop\tema3\tema3\x64\debug\tema3.tlog\link.read.1.tlog
c:\users\codruta\desktop\tema3\tema3\x64\debug\tema3.tlog\link.read.2.tlog
c:\users\codruta\desktop\tema3\tema3\x64\debug\tema3.tlog\link.write.1.tlog
c:\users\codruta\desktop\tema3\tema3\x64\debug\tema3.tlog\moc.read.1u.tlog
c:\users\codruta\desktop\tema3\tema3\x64\debug\tema3.tlog\moc.write.1u.tlog
c:\users\codruta\desktop\tema3\tema3\x64\debug\tema3.tlog\rcc.read.1u.tlog
c:\users\codruta\desktop\tema3\tema3\x64\debug\tema3.tlog\rcc.write.1u.tlog
c:\users\codruta\desktop\tema3\tema3\x64\debug\tema3.tlog\tema3.write.1u.tlog
c:\users\codruta\desktop\tema3\tema3\x64\debug\tema3.tlog\uic.read.1u.tlog
c:\users\codruta\desktop\tema3\tema3\x64\debug\tema3.tlog\uic.write.1u.tlog
